Build started 23.07.2012 20:05:58.
     1>Project "D:\home\SHELL\Shell\shell\shell.vcxproj" on node 2 (Build target(s)).
         C:\Program Files (x86)\Microsoft Visual Studio 11.0\VC\bin\CL.exe /c /ZI /nologo /W3 /WX- /MP /Od /Oy- /D _MBCS /Gm- /EHsc /RTC1 /MDd /GS /fp:precise /Zc:wchar_t /Zc:forScope /Fo"Debug\\" /Fd"Debug\vc110.pdb" /Gd /TP /analyze- /errorReport:prompt sWindow.cpp
         sWindow.cpp
     1>d:\home\shell\shell\shell\swindow.cpp(71): error C2065: 'lParam' : undeclared identifier
     1>d:\home\shell\shell\shell\swindow.cpp(71): error C3861: 'GET_X_LPARAM': identifier not found
     1>d:\home\shell\shell\shell\swindow.cpp(71): error C3861: 'GET_Y_LPARAM': identifier not found
     1>Done Building Project "D:\home\SHELL\Shell\shell\shell.vcxproj" (Build target(s)) -- FAILED.

Build FAILED.

Time Elapsed 00:00:00.80
